(0000) 3000  0011000000000000 (   1)                 .ORIG x3000
(3000) 2211  0010001000010001 (   2)                 LD    R1 X
(3001) 2411  0010010000010001 (   3)                 LD    R2 Y
(3002) 56E0  0101011011100000 (   5)                 AND   R3 R3 #0
(3003) 16C2  0001011011000010 (   7)                 ADD   R3 R3 R2
(3004) 5920  0101100100100000 (   8)                 AND   R4 R4 #0
(3005) 1902  0001100100000010 (  10)                 ADD   R4 R4 R2
(3006) 5B60  0101101101100000 (  11)                 AND   R5 R5 #0
(3007) 1B41  0001101101000001 (  13)                 ADD   R5 R5 R1
(3008) 9B7F  1001101101111111 (  14)                 NOT   R5 R5
(3009) 1B61  0001101101100001 (  15)                 ADD   R5 R5 #1
(300A) 1905  0001100100000101 (  16) LOOP            ADD   R4 R4 R5
(300B) 0803  0000100000000011 (  17)                 BRN   LEAVE
(300C) 16C5  0001011011000101 (  18)                 ADD   R3 R3 R5
(300D) 1DA1  0001110110100001 (  19)                 ADD   R6 R6 #1
(300E) 0FFB  0000111111111011 (  20)                 BRNZP LOOP
(300F) 5920  0101100100100000 (  21) LEAVE           AND   R4 R4 #0
(3010) 5B60  0101101101100000 (  22)                 AND   R5 R5 #0
(3011) F025  1111000000100101 (  23)                 TRAP  x25
(3012) 0005  0000000000000101 (  24) X               .FILL x0005
(3013) 0059  0000000001011001 (  25) Y               .FILL x0059
