(0000) 3000  0011000000000000 (   1)                 .ORIG x3000
(3000) 2612  0010011000010010 (   2) cint            LD    R3 b15
(3001) 220F  0010001000001111 (   3)                 LD    R1 a
(3002) 240F  0010010000001111 (   4)                 LD    R2 b
(3003) 987F  1001100001111111 (   5)                 NOT   R4 R1
(3004) 9ABF  1001101010111111 (   6)                 NOT   R5 R2
(3005) 5902  0101100100000010 (   7)                 AND   R4 R4 R2
(3006) 5B41  0101101101000001 (   8)                 AND   R5 R5 R1
(3007) 1905  0001100100000101 (   9)                 ADD   R4 R4 R5
(3008) 5903  0101100100000011 (  10)                 AND   R4 R4 R3
(3009) 0602  0000011000000010 (  11)                 BRZP  cmp
(300A) 3209  0011001000001001 (  12) retA            ST    R1 r
(300B) 0E04  0000111000000100 (  13)                 BRNZP leave
(300C) 94BF  1001010010111111 (  14) cmp             NOT   R2 R2
(300D) 14A1  0001010010100001 (  15)                 ADD   R2 R2 #1
(300E) 1442  0001010001000010 (  16)                 ADD   R2 R1 R2
(300F) 3404  0011010000000100 (  17)                 ST    R2 r
(3010) F025  1111000000100101 (  18) leave           TRAP  x25
(3011) 0009  0000000000001001 (  19) a               .FILL x0009
(3012) 0004  0000000000000100 (  20) b               .FILL x0004
(3013) 8000  1000000000000000 (  21) b15             .FILL x8000
(3014) 3100  0011000100000000 (  22) r               .FILL x3100
