(0000) 3000  0011000000000000 (   1)                 .ORIG x3000
(3000) E016  1110000000010110 (   2)                 LEA   R0 x3017
(3001) 6000  0110000000000000 (   3)                 LDR   R0 R0 #0
(3002) 54A0  0101010010100000 (   4)                 AND   R2 R2 #0
(3003) E414  1110010000010100 (   5)                 LEA   R2 x3018
(3004) 6480  0110010010000000 (   6)                 LDR   R2 R2 #0
(3005) 56E0  0101011011100000 (   7)                 AND   R3 R3 #0
(3006) 6200  0110001000000000 (   9) SUM             LDR   R1 R0 #0
(3007) 16C1  0001011011000001 (  10)                 ADD   R3 R3 R1
(3008) 1021  0001000000100001 (  11)                 ADD   R0 R0 #1
(3009) 14BF  0001010010111111 (  12)                 ADD   R2 R2 #-1
(300A) 03FB  0000001111111011 (  13)                 BRP   SUM
(300B) 5920  0101100100100000 (  14)                 AND   R4 R4 #0
(300C) E40C  1110010000001100 (  16)                 LEA   R2 x3019
(300D) 6480  0110010010000000 (  17)                 LDR   R2 R2 #0
(300E) 16C2  0001011011000010 (  18) LOOP            ADD   R3 R3 R2
(300F) 0803  0000100000000011 (  19)                 BRN   LEAVE
(3010) 16C5  0001011011000101 (  20)                 ADD   R3 R3 R5
(3011) 1921  0001100100100001 (  21)                 ADD   R4 R4 #1
(3012) 0FFB  0000111111111011 (  22)                 BRNZP LOOP
(3013) E606  1110011000000110 (  23) LEAVE           LEA   R3 x301A
(3014) 66C0  0110011011000000 (  24)                 LDR   R3 R3 #0
(3015) 78C0  0111100011000000 (  25)                 STR   R4 R3 #0
(3016) F025  1111000000100101 (  26)                 TRAP  x25
(3017) 1000  0001000000000000 (  27) ARRAY           .FILL x1000
(3018) 0064  0000000001100100 (  28) L1              .FILL x0064
(3019) FF9C  1111111110011100 (  29) L2              .FILL xFF9C
(301A) 2000  0010000000000000 (  30) DST             .FILL x2000
